This is pdfTeX, Version 3.14159265-2.6-1.40.16 (TeX Live 2015) (preloaded format=pdflatex 2015.5.24)  14 OCT 2016 16:18
entering extended mode
 restricted \write18 enabled.
 file:line:error style messages enabled.
 %&-line parsing enabled.
**torstenManual.tex
(./torstenManual.tex
LaTeX2e <2015/01/01>
Babel <3.9l> and hyphenation patterns for 79 languages loaded.
(/usr/local/texlive/2015/texmf-dist/tex/latex/amscls/amsart.cls
Document Class: amsart 2015/03/04 v2.20.2
\linespacing=\dimen102
\normalparindent=\dimen103
\normaltopskip=\skip41
(/usr/local/texlive/2015/texmf-dist/tex/latex/amsmath/amsmath.sty
Package: amsmath 2013/01/14 v2.14 AMS math features
\@mathmargin=\skip42

For additional information on amsmath, use the `?' option.
(/usr/local/texlive/2015/texmf-dist/tex/latex/amsmath/amstext.sty
Package: amstext 2000/06/29 v2.01

(/usr/local/texlive/2015/texmf-dist/tex/latex/amsmath/amsgen.sty
File: amsgen.sty 1999/11/30 v2.0
\@emptytoks=\toks14
\ex@=\dimen104
))
(/usr/local/texlive/2015/texmf-dist/tex/latex/amsmath/amsbsy.sty
Package: amsbsy 1999/11/29 v1.2d
\pmbraise@=\dimen105
)
(/usr/local/texlive/2015/texmf-dist/tex/latex/amsmath/amsopn.sty
Package: amsopn 1999/12/14 v2.01 operator names
)
\inf@bad=\count79
LaTeX Info: Redefining \frac on input line 210.
\uproot@=\count80
\leftroot@=\count81
LaTeX Info: Redefining \overline on input line 306.
\classnum@=\count82
\DOTSCASE@=\count83
LaTeX Info: Redefining \ldots on input line 378.
LaTeX Info: Redefining \dots on input line 381.
LaTeX Info: Redefining \cdots on input line 466.
\Mathstrutbox@=\box26
\strutbox@=\box27
\big@size=\dimen106
LaTeX Font Info:    Redeclaring font encoding OML on input line 566.
LaTeX Font Info:    Redeclaring font encoding OMS on input line 567.
\macc@depth=\count84
\c@MaxMatrixCols=\count85
\dotsspace@=\muskip10
\c@parentequation=\count86
\dspbrk@lvl=\count87
\tag@help=\toks15
\row@=\count88
\column@=\count89
\maxfields@=\count90
\andhelp@=\toks16
\eqnshift@=\dimen107
\alignsep@=\dimen108
\tagshift@=\dimen109
\tagwidth@=\dimen110
\totwidth@=\dimen111
\lineht@=\dimen112
\@envbody=\toks17
\multlinegap=\skip43
\multlinetaggap=\skip44
\mathdisplay@stack=\toks18
LaTeX Info: Redefining \[ on input line 2665.
LaTeX Info: Redefining \] on input line 2666.
)
LaTeX Font Info:    Try loading font information for U+msa on input line 388.

(/usr/local/texlive/2015/texmf-dist/tex/latex/amsfonts/umsa.fd
File: umsa.fd 2013/01/14 v3.01 AMS symbols A
)
(/usr/local/texlive/2015/texmf-dist/tex/latex/amsfonts/amsfonts.sty
Package: amsfonts 2013/01/14 v3.01 Basic AMSFonts support
\symAMSa=\mathgroup4
\symAMSb=\mathgroup5
LaTeX Font Info:    Overwriting math alphabet `\mathfrak' in version `bold'
(Font)                  U/euf/m/n --> U/euf/b/n on input line 106.
)
\copyins=\insert233
\abstractbox=\box28
\listisep=\skip45
\c@part=\count91
\c@section=\count92
\c@subsection=\count93
\c@subsubsection=\count94
\c@paragraph=\count95
\c@subparagraph=\count96
\c@figure=\count97
\c@table=\count98
\abovecaptionskip=\skip46
\belowcaptionskip=\skip47
\captionindent=\dimen113
\thm@style=\toks19
\thm@bodyfont=\toks20
\thm@headfont=\toks21
\thm@notefont=\toks22
\thm@headpunct=\toks23
\thm@preskip=\skip48
\thm@postskip=\skip49
\thm@headsep=\skip50
\dth@everypar=\toks24
)
(/usr/local/texlive/2015/texmf-dist/tex/latex/geometry/geometry.sty
Package: geometry 2010/09/12 v5.6 Page Geometry

(/usr/local/texlive/2015/texmf-dist/tex/latex/graphics/keyval.sty
Package: keyval 2014/10/28 v1.15 key=value parser (DPC)
\KV@toks@=\toks25
)
(/usr/local/texlive/2015/texmf-dist/tex/generic/oberdiek/ifpdf.sty
Package: ifpdf 2011/01/30 v2.3 Provides the ifpdf switch (HO)
Package ifpdf Info: pdfTeX in PDF mode is detected.
)
(/usr/local/texlive/2015/texmf-dist/tex/generic/oberdiek/ifvtex.sty
Package: ifvtex 2010/03/01 v1.5 Detect VTeX and its facilities (HO)
Package ifvtex Info: VTeX not detected.
)
(/usr/local/texlive/2015/texmf-dist/tex/generic/ifxetex/ifxetex.sty
Package: ifxetex 2010/09/12 v0.6 Provides ifxetex conditional
)
\Gm@cnth=\count99
\Gm@cntv=\count100
\c@Gm@tempcnt=\count101
\Gm@bindingoffset=\dimen114
\Gm@wd@mp=\dimen115
\Gm@odd@mp=\dimen116
\Gm@even@mp=\dimen117
\Gm@layoutwidth=\dimen118
\Gm@layoutheight=\dimen119
\Gm@layouthoffset=\dimen120
\Gm@layoutvoffset=\dimen121
\Gm@dimlist=\toks26
)
(/usr/local/texlive/2015/texmf-dist/tex/latex/graphics/graphicx.sty
Package: graphicx 2014/10/28 v1.0g Enhanced LaTeX Graphics (DPC,SPQR)

(/usr/local/texlive/2015/texmf-dist/tex/latex/graphics/graphics.sty
Package: graphics 2014/10/28 v1.0p Standard LaTeX Graphics (DPC,SPQR)

(/usr/local/texlive/2015/texmf-dist/tex/latex/graphics/trig.sty
Package: trig 1999/03/16 v1.09 sin cos tan (DPC)
)
(/usr/local/texlive/2015/texmf-dist/tex/latex/latexconfig/graphics.cfg
File: graphics.cfg 2010/04/23 v1.9 graphics configuration of TeX Live
)
Package graphics Info: Driver file: pdftex.def on input line 94.

(/usr/local/texlive/2015/texmf-dist/tex/latex/pdftex-def/pdftex.def
File: pdftex.def 2011/05/27 v0.06d Graphics/color for pdfTeX

(/usr/local/texlive/2015/texmf-dist/tex/generic/oberdiek/infwarerr.sty
Package: infwarerr 2010/04/08 v1.3 Providing info/warning/error messages (HO)
)
(/usr/local/texlive/2015/texmf-dist/tex/generic/oberdiek/ltxcmds.sty
Package: ltxcmds 2011/11/09 v1.22 LaTeX kernel commands for general use (HO)
)
\Gread@gobject=\count102
))
\Gin@req@height=\dimen122
\Gin@req@width=\dimen123
)
(/usr/local/texlive/2015/texmf-dist/tex/latex/pdfpages/pdfpages.sty
Package: pdfpages 2015/05/11 v0.4x Insert pages of external PDF documents (AM)

(/usr/local/texlive/2015/texmf-dist/tex/latex/base/ifthen.sty
Package: ifthen 2014/09/29 v1.1c Standard LaTeX ifthen package (DPC)
)
(/usr/local/texlive/2015/texmf-dist/tex/latex/tools/calc.sty
Package: calc 2014/10/28 v4.3 Infix arithmetic (KKT,FJ)
\calc@Acount=\count103
\calc@Bcount=\count104
\calc@Adimen=\dimen124
\calc@Bdimen=\dimen125
\calc@Askip=\skip51
\calc@Bskip=\skip52
LaTeX Info: Redefining \setlength on input line 80.
LaTeX Info: Redefining \addtolength on input line 81.
\calc@Ccount=\count105
\calc@Cskip=\skip53
)
(/usr/local/texlive/2015/texmf-dist/tex/latex/eso-pic/eso-pic.sty
Package: eso-pic 2015/04/20 v2.0e eso-pic (RN)

(/usr/local/texlive/2015/texmf-dist/tex/generic/oberdiek/atbegshi.sty
Package: atbegshi 2011/10/05 v1.16 At begin shipout hook (HO)
)
(/usr/local/texlive/2015/texmf-dist/tex/latex/xcolor/xcolor.sty
Package: xcolor 2007/01/21 v2.11 LaTeX color extensions (UK)

(/usr/local/texlive/2015/texmf-dist/tex/latex/latexconfig/color.cfg
File: color.cfg 2007/01/18 v1.5 color configuration of teTeX/TeXLive
)
Package xcolor Info: Driver file: pdftex.def on input line 225.
Package xcolor Info: Model `cmy' substituted by `cmy0' on input line 1337.
Package xcolor Info: Model `hsb' substituted by `rgb' on input line 1341.
Package xcolor Info: Model `RGB' extended on input line 1353.
Package xcolor Info: Model `HTML' substituted by `rgb' on input line 1355.
Package xcolor Info: Model `Hsb' substituted by `hsb' on input line 1356.
Package xcolor Info: Model `tHsb' substituted by `hsb' on input line 1357.
Package xcolor Info: Model `HSB' substituted by `hsb' on input line 1358.
Package xcolor Info: Model `Gray' substituted by `gray' on input line 1359.
Package xcolor Info: Model `wave' substituted by `hsb' on input line 1360.
))
\AM@pagewidth=\dimen126
\AM@pageheight=\dimen127

(/usr/local/texlive/2015/texmf-dist/tex/latex/pdfpages/pppdftex.def
File: pppdftex.def 2015/05/11 v0.4x Pdfpages driver for pdfTeX (AM)
)
\AM@pagebox=\box29
\AM@toc@title=\toks27
\c@AM@survey=\count106
\AM@templatesizebox=\box30
)
(/usr/local/texlive/2015/texmf-dist/tex/latex/amsfonts/amssymb.sty
Package: amssymb 2013/01/14 v3.01 AMS font symbols
)
(/usr/local/texlive/2015/texmf-dist/tex/latex/oberdiek/epstopdf.sty
Package: epstopdf 2010/02/09 v2.5 Conversion with epstopdf on the fly (HO)

(/usr/local/texlive/2015/texmf-dist/tex/latex/oberdiek/epstopdf-base.sty
Package: epstopdf-base 2010/02/09 v2.5 Base part for package epstopdf

(/usr/local/texlive/2015/texmf-dist/tex/latex/oberdiek/grfext.sty
Package: grfext 2010/08/19 v1.1 Manage graphics extensions (HO)

(/usr/local/texlive/2015/texmf-dist/tex/generic/oberdiek/kvdefinekeys.sty
Package: kvdefinekeys 2011/04/07 v1.3 Define keys (HO)
))
(/usr/local/texlive/2015/texmf-dist/tex/latex/oberdiek/kvoptions.sty
Package: kvoptions 2011/06/30 v3.11 Key value format for package options (HO)

(/usr/local/texlive/2015/texmf-dist/tex/generic/oberdiek/kvsetkeys.sty
Package: kvsetkeys 2012/04/25 v1.16 Key value parser (HO)

(/usr/local/texlive/2015/texmf-dist/tex/generic/oberdiek/etexcmds.sty
Package: etexcmds 2011/02/16 v1.5 Avoid name clashes with e-TeX commands (HO)

(/usr/local/texlive/2015/texmf-dist/tex/generic/oberdiek/ifluatex.sty
Package: ifluatex 2010/03/01 v1.3 Provides the ifluatex switch (HO)
Package ifluatex Info: LuaTeX not detected.
)
Package etexcmds Info: Could not find \expanded.
(etexcmds)             That can mean that you are not using pdfTeX 1.50 or
(etexcmds)             that some package has redefined \expanded.
(etexcmds)             In the latter case, load this package earlier.
)))
(/usr/local/texlive/2015/texmf-dist/tex/generic/oberdiek/pdftexcmds.sty
Package: pdftexcmds 2011/11/29 v0.20 Utility functions of pdfTeX for LuaTeX (HO
)
Package pdftexcmds Info: LuaTeX not detected.
Package pdftexcmds Info: \pdf@primitive is available.
Package pdftexcmds Info: \pdf@ifprimitive is available.
Package pdftexcmds Info: \pdfdraftmode found.
)
Package grfext Info: Graphics extension search list:
(grfext)             [.png,.pdf,.jpg,.mps,.jpeg,.jbig2,.jb2,.PNG,.PDF,.JPG,.JPE
G,.JBIG2,.JB2,.eps]
(grfext)             \AppendGraphicsExtensions on input line 452.

(/usr/local/texlive/2015/texmf-dist/tex/latex/latexconfig/epstopdf-sys.cfg
File: epstopdf-sys.cfg 2010/07/13 v1.3 Configuration of (r)epstopdf for TeX Liv
e
)))
(/usr/local/texlive/2015/texmf-dist/tex/latex/hyperref/hyperref.sty
Package: hyperref 2012/11/06 v6.83m Hypertext links for LaTeX

(/usr/local/texlive/2015/texmf-dist/tex/generic/oberdiek/hobsub-hyperref.sty
Package: hobsub-hyperref 2012/05/28 v1.13 Bundle oberdiek, subset hyperref (HO)


(/usr/local/texlive/2015/texmf-dist/tex/generic/oberdiek/hobsub-generic.sty
Package: hobsub-generic 2012/05/28 v1.13 Bundle oberdiek, subset generic (HO)
Package: hobsub 2012/05/28 v1.13 Construct package bundles (HO)
Package hobsub Info: Skipping package `infwarerr' (already loaded).
Package hobsub Info: Skipping package `ltxcmds' (already loaded).
Package hobsub Info: Skipping package `ifluatex' (already loaded).
Package hobsub Info: Skipping package `ifvtex' (already loaded).
Package: intcalc 2007/09/27 v1.1 Expandable calculations with integers (HO)
Package hobsub Info: Skipping package `ifpdf' (already loaded).
Package hobsub Info: Skipping package `etexcmds' (already loaded).
Package hobsub Info: Skipping package `kvsetkeys' (already loaded).
Package hobsub Info: Skipping package `kvdefinekeys' (already loaded).
Package hobsub Info: Skipping package `pdftexcmds' (already loaded).
Package: pdfescape 2011/11/25 v1.13 Implements pdfTeX's escape features (HO)
Package: bigintcalc 2012/04/08 v1.3 Expandable calculations on big integers (HO
)
Package: bitset 2011/01/30 v1.1 Handle bit-vector datatype (HO)
Package: uniquecounter 2011/01/30 v1.2 Provide unlimited unique counter (HO)
)
Package hobsub Info: Skipping package `hobsub' (already loaded).
Package: letltxmacro 2010/09/02 v1.4 Let assignment for LaTeX macros (HO)
Package: hopatch 2012/05/28 v1.2 Wrapper for package hooks (HO)
Package: xcolor-patch 2011/01/30 xcolor patch
Package: atveryend 2011/06/30 v1.8 Hooks at the very end of document (HO)
Package atveryend Info: \enddocument detected (standard20110627).
Package hobsub Info: Skipping package `atbegshi' (already loaded).
Package: refcount 2011/10/16 v3.4 Data extraction from label references (HO)
Package: hycolor 2011/01/30 v1.7 Color options for hyperref/bookmark (HO)
)
(/usr/local/texlive/2015/texmf-dist/tex/latex/oberdiek/auxhook.sty
Package: auxhook 2011/03/04 v1.3 Hooks for auxiliary files (HO)
)
\@linkdim=\dimen128
\Hy@linkcounter=\count107
\Hy@pagecounter=\count108

(/usr/local/texlive/2015/texmf-dist/tex/latex/hyperref/pd1enc.def
File: pd1enc.def 2012/11/06 v6.83m Hyperref: PDFDocEncoding definition (HO)
)
\Hy@SavedSpaceFactor=\count109

(/usr/local/texlive/2015/texmf-dist/tex/latex/latexconfig/hyperref.cfg
File: hyperref.cfg 2002/06/06 v1.2 hyperref configuration of TeXLive
)
Package hyperref Info: Hyper figures OFF on input line 4443.
Package hyperref Info: Link nesting OFF on input line 4448.
Package hyperref Info: Hyper index ON on input line 4451.
Package hyperref Info: Plain pages OFF on input line 4458.
Package hyperref Info: Backreferencing OFF on input line 4463.
Package hyperref Info: Implicit mode ON; LaTeX internals redefined.
Package hyperref Info: Bookmarks ON on input line 4688.
\c@Hy@tempcnt=\count110

(/usr/local/texlive/2015/texmf-dist/tex/latex/url/url.sty
\Urlmuskip=\muskip11
Package: url 2013/09/16  ver 3.4  Verb mode for urls, etc.
)
LaTeX Info: Redefining \url on input line 5041.
\XeTeXLinkMargin=\dimen129
\Fld@menulength=\count111
\Field@Width=\dimen130
\Fld@charsize=\dimen131
Package hyperref Info: Hyper figures OFF on input line 6295.
Package hyperref Info: Link nesting OFF on input line 6300.
Package hyperref Info: Hyper index ON on input line 6303.
Package hyperref Info: backreferencing OFF on input line 6310.
Package hyperref Info: Link coloring OFF on input line 6315.
Package hyperref Info: Link coloring with OCG OFF on input line 6320.
Package hyperref Info: PDF/A mode OFF on input line 6325.
LaTeX Info: Redefining \ref on input line 6365.
LaTeX Info: Redefining \pageref on input line 6369.
\Hy@abspage=\count112
\c@Item=\count113
\c@Hfootnote=\count114
)

Package hyperref Message: Driver (autodetected): hpdftex.

(/usr/local/texlive/2015/texmf-dist/tex/latex/hyperref/hpdftex.def
File: hpdftex.def 2012/11/06 v6.83m Hyperref driver for pdfTeX
\Fld@listcount=\count115
\c@bookmark@seq@number=\count116

(/usr/local/texlive/2015/texmf-dist/tex/latex/oberdiek/rerunfilecheck.sty
Package: rerunfilecheck 2011/04/15 v1.7 Rerun checks for auxiliary files (HO)
Package uniquecounter Info: New unique counter `rerunfilecheck' on input line 2
82.
)
\Hy@SectionHShift=\skip54
)
(/usr/local/texlive/2015/texmf-dist/tex/latex/psnfss/courier.sty
Package: courier 2005/04/12 PSNFSS-v9.2a (WaS) 
)
(/usr/local/texlive/2015/texmf-dist/tex/latex/listings/listings.sty
\lst@mode=\count117
\lst@gtempboxa=\box31
\lst@token=\toks28
\lst@length=\count118
\lst@currlwidth=\dimen132
\lst@column=\count119
\lst@pos=\count120
\lst@lostspace=\dimen133
\lst@width=\dimen134
\lst@newlines=\count121
\lst@lineno=\count122
\lst@maxwidth=\dimen135

(/usr/local/texlive/2015/texmf-dist/tex/latex/listings/lstmisc.sty
File: lstmisc.sty 2014/09/06 1.5e (Carsten Heinz)
\c@lstnumber=\count123
\lst@skipnumbers=\count124
\lst@framebox=\box32
)
(/usr/local/texlive/2015/texmf-dist/tex/latex/listings/listings.cfg
File: listings.cfg 2014/09/06 1.5e listings configuration
))
Package: listings 2014/09/06 1.5e (Carsten Heinz)

(/usr/local/texlive/2015/texmf-dist/tex/latex/siunitx/siunitx.sty
(/usr/local/texlive/2015/texmf-dist/tex/latex/l3kernel/expl3.sty
Package: expl3 2015/03/01 v5547 L3 programming layer (loader) 

(/usr/local/texlive/2015/texmf-dist/tex/latex/l3kernel/expl3-code.tex
Package: expl3 2015/03/01 v5547 L3 programming layer (code) 
L3 Module: l3bootstrap 2015/02/28 v5542 L3 Bootstrap code
L3 Module: l3names 2015/02/24 v5535 L3 Namespace for primitives
L3 Module: l3basics 2015/01/27 v5500 L3 Basic definitions
L3 Module: l3expan 2014/11/27 v5472 L3 Argument expansion
L3 Module: l3tl 2015/01/27 v5500 L3 Token lists
L3 Module: l3str 2015/03/01 v5545 L3 Strings
L3 Module: l3seq 2014/08/23 v5354 L3 Sequences and stacks
L3 Module: l3int 2015/02/21 v5529 L3 Integers
\c_max_int=\count125
\l_tmpa_int=\count126
\l_tmpb_int=\count127
\g_tmpa_int=\count128
\g_tmpb_int=\count129
L3 Module: l3quark 2014/08/23 v5354 L3 Quarks
L3 Module: l3prg 2014/08/23 v5354 L3 Control structures
\g__prg_map_int=\count130
L3 Module: l3clist 2014/08/23 v5354 L3 Comma separated lists
L3 Module: l3token 2014/09/15 v5422 L3 Experimental token manipulation
L3 Module: l3prop 2014/08/23 v5354 L3 Property lists
L3 Module: l3msg 2015/02/26 v5537 L3 Messages
L3 Module: l3file 2014/08/24 v5369 L3 File and I/O operations
\l_iow_line_count_int=\count131
\l__iow_target_count_int=\count132
\l__iow_current_line_int=\count133
\l__iow_current_word_int=\count134
\l__iow_current_indentation_int=\count135
L3 Module: l3skip 2014/08/23 v5354 L3 Dimensions and skips
\c_zero_dim=\dimen136
\c_max_dim=\dimen137
\l_tmpa_dim=\dimen138
\l_tmpb_dim=\dimen139
\g_tmpa_dim=\dimen140
\g_tmpb_dim=\dimen141
\c_zero_skip=\skip55
\c_max_skip=\skip56
\l_tmpa_skip=\skip57
\l_tmpb_skip=\skip58
\g_tmpa_skip=\skip59
\g_tmpb_skip=\skip60
\c_zero_muskip=\muskip12
\c_max_muskip=\muskip13
\l_tmpa_muskip=\muskip14
\l_tmpb_muskip=\muskip15
\g_tmpa_muskip=\muskip16
\g_tmpb_muskip=\muskip17
L3 Module: l3keys 2015/01/27 v5500 L3 Key-value interfaces
\g__keyval_level_int=\count136
\l_keys_choice_int=\count137
L3 Module: l3fp 2014/08/22 v5336 L3 Floating points
\c__fp_leading_shift_int=\count138
\c__fp_middle_shift_int=\count139
\c__fp_trailing_shift_int=\count140
\c__fp_big_leading_shift_int=\count141
\c__fp_big_middle_shift_int=\count142
\c__fp_big_trailing_shift_int=\count143
\c__fp_Bigg_leading_shift_int=\count144
\c__fp_Bigg_middle_shift_int=\count145
\c__fp_Bigg_trailing_shift_int=\count146
L3 Module: l3box 2014/08/23 v5354 L3 Experimental boxes
\c_empty_box=\box33
\l_tmpa_box=\box34
\l_tmpb_box=\box35
\g_tmpa_box=\box36
\g_tmpb_box=\box37
L3 Module: l3coffins 2014/08/23 v5354 L3 Coffin code layer
\l__coffin_internal_box=\box38
\l__coffin_internal_dim=\dimen142
\l__coffin_offset_x_dim=\dimen143
\l__coffin_offset_y_dim=\dimen144
\l__coffin_x_dim=\dimen145
\l__coffin_y_dim=\dimen146
\l__coffin_x_prime_dim=\dimen147
\l__coffin_y_prime_dim=\dimen148
\c_empty_coffin=\box39
\l__coffin_aligned_coffin=\box40
\l__coffin_aligned_internal_coffin=\box41
\l_tmpa_coffin=\box42
\l_tmpb_coffin=\box43
\l__coffin_display_coffin=\box44
\l__coffin_display_coord_coffin=\box45
\l__coffin_display_pole_coffin=\box46
\l__coffin_display_offset_dim=\dimen149
\l__coffin_display_x_dim=\dimen150
\l__coffin_display_y_dim=\dimen151
L3 Module: l3color 2014/08/23 v5354 L3 Experimental color support
L3 Module: l3candidates 2015/03/01 v5544 L3 Experimental additions to l3kernel
\l__box_top_dim=\dimen152
\l__box_bottom_dim=\dimen153
\l__box_left_dim=\dimen154
\l__box_right_dim=\dimen155
\l__box_top_new_dim=\dimen156
\l__box_bottom_new_dim=\dimen157
\l__box_left_new_dim=\dimen158
\l__box_right_new_dim=\dimen159
\l__box_internal_box=\box47
\l__coffin_bounding_shift_dim=\dimen160
\l__coffin_left_corner_dim=\dimen161
\l__coffin_right_corner_dim=\dimen162
\l__coffin_bottom_corner_dim=\dimen163
\l__coffin_top_corner_dim=\dimen164
\l__coffin_scaled_total_height_dim=\dimen165
\l__coffin_scaled_width_dim=\dimen166
)
(/usr/local/texlive/2015/texmf-dist/tex/latex/l3kernel/l3unicode-data.def
File: l3unicode-data.def 2015/03/01 v5544 L3 Unicode data
)
(/usr/local/texlive/2015/texmf-dist/tex/latex/l3kernel/l3pdfmode.def
File: l3pdfmode.def 2015/03/01 v5544 L3 Experimental driver: PDF mode
\l__driver_color_stack_int=\count147
))
(/usr/local/texlive/2015/texmf-dist/tex/latex/l3packages/xparse/xparse.sty
Package: xparse 2014/11/25 v5471 L3 Experimental document command parser
\l__xparse_current_arg_int=\count148
\l__xparse_m_args_int=\count149
\l__xparse_mandatory_args_int=\count150
\l__xparse_processor_int=\count151
\l__xparse_v_nesting_int=\count152
)
Package: siunitx 2015/01/21 v2.6e A comprehensive (SI) units package

(/usr/local/texlive/2015/texmf-dist/tex/latex/tools/array.sty
Package: array 2014/10/28 v2.4c Tabular extension package (FMi)
\col@sep=\dimen167
\extrarowheight=\dimen168
\NC@list=\toks29
\extratabsurround=\skip61
\backup@length=\skip62
)
(/usr/local/texlive/2015/texmf-dist/tex/latex/l3packages/l3keys2e/l3keys2e.sty
Package: l3keys2e 2014/11/25 v5471 LaTeX2e option processing using LaTeX3 keys
)
Variant \tl_if_blank:VTF already defined; not changing it on line 50
\l__siunitx_tmp_box=\box48
\l__siunitx_tmp_dim=\dimen169
\l__siunitx_tmp_int=\count153
Variant \prop_get:NVNT already defined; not changing it on line 380
Variant \prop_get:NVNF already defined; not changing it on line 381
Variant \prop_get:NVNTF already defined; not changing it on line 382
\l__siunitx_number_mantissa_length_int=\count154
\l__siunitx_number_uncert_length_int=\count155
\l__siunitx_round_int=\count156
\l__siunitx_process_decimal_int=\count157
\l__siunitx_process_uncertainty_int=\count158
\l__siunitx_process_fixed_int=\count159
\l__siunitx_process_integer_min_int=\count160
\l__siunitx_process_precision_int=\count161
\l__siunitx_group_min_int=\count162
\l__siunitx_angle_marker_box=\box49
\l__siunitx_angle_unit_box=\box50
\l__siunitx_angle_marker_dim=\dimen170
\l__siunitx_angle_unit_dim=\dimen171
\l__siunitx_unit_int=\count163
\l__siunitx_unit_denominator_int=\count164
\l__siunitx_unit_numerator_int=\count165
\l__siunitx_unit_prefix_int=\count166
\l__siunitx_unit_prefix_base_int=\count167
\l__siunitx_unit_prefix_gram_int=\count168
\l__siunitx_number_product_int=\count169
\c__siunitx_one_fill_skip=\skip63
\l__siunitx_table_unit_align_skip=\skip64
\l__siunitx_table_exponent_dim=\dimen172
\l__siunitx_table_integer_dim=\dimen173
\l__siunitx_table_mantissa_dim=\dimen174
\l__siunitx_table_marker_dim=\dimen175
\l__siunitx_table_result_dim=\dimen176
\l__siunitx_table_uncert_dim=\dimen177
\l__siunitx_table_fill_pre_dim=\dimen178
\l__siunitx_table_fill_post_dim=\dimen179
\l__siunitx_table_fill_mid_dim=\dimen180
\l__siunitx_table_pre_box=\box51
\l__siunitx_table_post_box=\box52
\l__siunitx_table_mantissa_box=\box53
\l__siunitx_table_result_box=\box54
\l__siunitx_table_number_align_skip=\skip65
\l__siunitx_table_text_align_skip=\skip66
.................................................
. LaTeX info: "xparse/define-command"
. 
. Defining command \DeclareBinaryPrefix with sig. 'mmm' on line 7176.
.................................................
.................................................
. LaTeX info: "xparse/define-command"
. 
. Defining command \DeclareSIPostPower with sig. 'mm' on line 7179.
.................................................
.................................................
. LaTeX info: "xparse/define-command"
. 
. Defining command \DeclareSIPrefix with sig. 'mmm' on line 7182.
.................................................
.................................................
. LaTeX info: "xparse/define-command"
. 
. Defining command \DeclareSIPrePower with sig. 'mm' on line 7185.
.................................................
.................................................
. LaTeX info: "xparse/define-command"
. 
. Defining command \DeclareSIQualifier with sig. 'mm' on line 7188.
.................................................
.................................................
. LaTeX info: "xparse/define-command"
. 
. Defining command \DeclareSIUnit with sig. 'O{}mm' on line 7191.
.................................................
.................................................
. LaTeX info: "xparse/define-command"
. 
. Defining command \DeclareSIUnitWithOptions with sig. 'mmm' on line 7194.
.................................................
.................................................
. LaTeX info: "xparse/define-command"
. 
. Defining command \ang with sig. 'o>{\SplitArgument {2}{;}}m' on line 7209.
.................................................
.................................................
. LaTeX info: "xparse/define-command"
. 
. Defining command \num with sig. 'om' on line 7217.
.................................................
.................................................
. LaTeX info: "xparse/define-command"
. 
. Defining command \numlist with sig. 'o>{\SplitList {;}}m' on line 7225.
.................................................
.................................................
. LaTeX info: "xparse/define-command"
. 
. Defining command \numrange with sig. 'omm' on line 7233.
.................................................
.................................................
. LaTeX info: "xparse/define-command"
. 
. Defining command \SIlist with sig. 'o>{\SplitList {;}}mm' on line 7244.
.................................................
.................................................
. LaTeX info: "xparse/define-command"
. 
. Defining command \SIrange with sig. 'ommm' on line 7255.
.................................................
.................................................
. LaTeX info: "xparse/define-command"
. 
. Defining command \SI with sig. 'omom' on line 7266.
.................................................
.................................................
. LaTeX info: "xparse/define-command"
. 
. Defining command \sisetup with sig. 'm' on line 7269.
.................................................
.................................................
. LaTeX info: "xparse/define-command"
. 
. Defining command \tablenum with sig. 'om' on line 7281.
.................................................
.................................................
. LaTeX info: "xparse/define-command"
. 
. Defining command \si with sig. 'om' on line 7292.
.................................................
.................................................
. LaTeX info: "xparse/define-command"
. 
. Defining command \__siunitx_bookmark_num:w with sig. 'om' on line 7339.
.................................................
.................................................
. LaTeX info: "xparse/define-command"
. 
. Defining command \__siunitx_bookmark_numrange:w with sig. 'omm' on line
. 7341.
.................................................
.................................................
. LaTeX info: "xparse/define-command"
. 
. Defining command \__siunitx_bookmark_SI:w with sig. 'omom' on line 7343.
.................................................
.................................................
. LaTeX info: "xparse/define-command"
. 
. Defining command \__siunitx_bookmark_SIlist:w with sig. 'omm' on line 7345.
.................................................
.................................................
. LaTeX info: "xparse/define-command"
. 
. Defining command \__siunitx_bookmark_SIrange:w with sig. 'ommm' on line
. 7347.
.................................................
.................................................
. LaTeX info: "xparse/define-command"
. 
. Defining command \__siunitx_bookmark_si:w with sig. 'om' on line 7348.
.................................................
\g__file_internal_ior=\read1
(/usr/local/texlive/2015/texmf-dist/tex/latex/beamer/translator/translator.sty
Package: translator 2010/06/12 ver 1.10

(/usr/local/texlive/2015/texmf-dist/tex/latex/beamer/translator/translator-lang
uage-mappings.tex)))
(/usr/local/texlive/2015/texmf-dist/tex/latex/booktabs/booktabs.sty
Package: booktabs 2005/04/14 v1.61803 publication quality tables
\heavyrulewidth=\dimen181
\lightrulewidth=\dimen182
\cmidrulewidth=\dimen183
\belowrulesep=\dimen184
\belowbottomsep=\dimen185
\aboverulesep=\dimen186
\abovetopsep=\dimen187
\cmidrulesep=\dimen188
\cmidrulekern=\dimen189
\defaultaddspace=\dimen190
\@cmidla=\count170
\@cmidlb=\count171
\@aboverulesep=\dimen191
\@belowrulesep=\dimen192
\@thisruleclass=\count172
\@lastruleclass=\count173
\@thisrulewidth=\dimen193
)
\fmbox=\box55

(./torstenManual.aux

LaTeX Warning: Label `MCMC1' multiply defined.


LaTeX Warning: Label `example1.1Model' multiply defined.


LaTeX Warning: Label `example1.1Model' multiply defined.


LaTeX Warning: Label `MCMC1' multiply defined.


LaTeX Warning: Label `MCMC1' multiply defined.


LaTeX Warning: Label `predictions' multiply defined.


LaTeX Warning: Label `predictions' multiply defined.

)
\openout1 = `torstenManual.aux'.

LaTeX Font Info:    Checking defaults for OML/cmm/m/it on input line 37.
LaTeX Font Info:    ... okay on input line 37.
LaTeX Font Info:    Checking defaults for T1/cmr/m/n on input line 37.
LaTeX Font Info:    ... okay on input line 37.
LaTeX Font Info:    Checking defaults for OT1/cmr/m/n on input line 37.
LaTeX Font Info:    ... okay on input line 37.
LaTeX Font Info:    Checking defaults for OMS/cmsy/m/n on input line 37.
LaTeX Font Info:    ... okay on input line 37.
LaTeX Font Info:    Checking defaults for OMX/cmex/m/n on input line 37.
LaTeX Font Info:    ... okay on input line 37.
LaTeX Font Info:    Checking defaults for U/cmr/m/n on input line 37.
LaTeX Font Info:    ... okay on input line 37.
LaTeX Font Info:    Checking defaults for PD1/pdf/m/n on input line 37.
LaTeX Font Info:    ... okay on input line 37.
LaTeX Font Info:    Try loading font information for U+msa on input line 37.
 (/usr/local/texlive/2015/texmf-dist/tex/latex/amsfonts/umsa.fd
File: umsa.fd 2013/01/14 v3.01 AMS symbols A
)
LaTeX Font Info:    Try loading font information for U+msb on input line 37.

(/usr/local/texlive/2015/texmf-dist/tex/latex/amsfonts/umsb.fd
File: umsb.fd 2013/01/14 v3.01 AMS symbols B
)
*geometry* driver: auto-detecting
*geometry* detected driver: pdftex
*geometry* verbose mode - [ preamble ] result:
* driver: pdftex
* paper: letterpaper
* layout: <same size as paper>
* layoutoffset:(h,v)=(0.0pt,0.0pt)
* modes: twoside 
* h-part:(L,W,R)=(43.362pt, 505.89pt, 65.043pt)
* v-part:(T,H,B)=(57.81598pt, 650.43pt, 86.72401pt)
* \paperwidth=614.295pt
* \paperheight=794.96999pt
* \textwidth=505.89pt
* \textheight=650.43pt
* \oddsidemargin=0.0pt
* \evensidemargin=0.0pt
* \topmargin=-36.45401pt
* \headheight=8.0pt
* \headsep=14.0pt
* \topskip=10.0pt
* \footskip=12.0pt
* \marginparwidth=90.0pt
* \marginparsep=11.0pt
* \columnsep=10.0pt
* \skip\footins=7.0pt plus 11.0pt
* \hoffset=0.0pt
* \voffset=0.0pt
* \mag=1000
* \@twocolumnfalse
* \@twosidetrue
* \@mparswitchtrue
* \@reversemarginfalse
* (1in=72.27pt=25.4mm, 1cm=28.453pt)

(/usr/local/texlive/2015/texmf-dist/tex/context/base/supp-pdf.mkii
[Loading MPS to PDF converter (version 2006.09.02).]
\scratchcounter=\count174
\scratchdimen=\dimen194
\scratchbox=\box56
\nofMPsegments=\count175
\nofMParguments=\count176
\everyMPshowfont=\toks30
\MPscratchCnt=\count177
\MPscratchDim=\dimen195
\MPnumerator=\count178
\makeMPintoPDFobject=\count179
\everyMPtoPDFconversion=\toks31
)
\AtBeginShipoutBox=\box57
Package hyperref Info: Link coloring OFF on input line 37.
 (/usr/local/texlive/2015/texmf-dist/tex/latex/hyperref/nameref.sty
Package: nameref 2012/10/27 v2.43 Cross-referencing by name of section

(/usr/local/texlive/2015/texmf-dist/tex/generic/oberdiek/gettitlestring.sty
Package: gettitlestring 2010/12/03 v1.4 Cleanup title references (HO)
)
\c@section@level=\count180
)
LaTeX Info: Redefining \ref on input line 37.
LaTeX Info: Redefining \pageref on input line 37.
LaTeX Info: Redefining \nameref on input line 37.

(./torstenManual.out) (./torstenManual.out)
\@outlinefile=\write3
\openout3 = `torstenManual.out'.

\c@lstlisting=\count181

(/usr/local/texlive/2015/texmf-dist/tex/latex/beamer/translator/dicts/translato
r-basic-dictionary/translator-basic-dictionary-English.dict
Dictionary: translator-basic-dictionary, Language: English 
)
(/usr/local/texlive/2015/texmf-dist/tex/latex/siunitx/siunitx-abbreviations.cfg
File: siunitx-abbreviations.cfg 2015/01/21 v2.6e siunitx: Abbreviated units
)
\c__siunitx_mathsf_int=\count182
\c__siunitx_mathtt_int=\count183


pdfTeX warning: /usr/texbin/pdflatex (file ./graphics/logo.pdf): PDF inclusion:
 found PDF version <1.7>, but at most version <1.5> allowed
<graphics/logo.pdf, id=76, 301.11296pt x 57.71582pt>
File: graphics/logo.pdf Graphic file (type pdf)
 <use graphics/logo.pdf>
Package pdftex.def Info: graphics/logo.pdf used on input line 40.
(pdftex.def)             Requested size: 282.78432pt x 54.2025pt.

[1{/usr/local/texlive/2015/texmf-var/fonts/map/pdftex/updmap/pdftex.map} <./gra
phics/logo.pdf>] [2

]
LaTeX Font Info:    Try loading font information for OMS+cmr on input line 71.

(/usr/local/texlive/2015/texmf-dist/tex/latex/base/omscmr.fd
File: omscmr.fd 2014/09/29 v2.5h Standard LaTeX font definitions
)
LaTeX Font Info:    Font shape `OMS/cmr/m/n' in size <10.95> not available
(Font)              Font shape `OMS/cmsy/m/n' tried instead on input line 71.
LaTeX Font Info:    Font shape `OMS/cmr/m/n' in size <9> not available
(Font)              Font shape `OMS/cmsy/m/n' tried instead on input line 71.
LaTeX Font Info:    Try loading font information for OT1+pcr on input line 86.

(/usr/local/texlive/2015/texmf-dist/tex/latex/psnfss/ot1pcr.fd
File: ot1pcr.fd 2001/06/04 font definitions for OT1/pcr.
)
Overfull \hbox (6.79999pt too wide) in paragraph at lines 96--97
[][] 
 []

[3

] [4]
Underfull \hbox (badness 10000) in paragraph at lines 124--130

 []


Underfull \hbox (badness 10000) in paragraph at lines 124--130

 []


Underfull \hbox (badness 10000) in paragraph at lines 131--133

 []


Underfull \hbox (badness 10000) in paragraph at lines 134--140

 []

[5

]
Underfull \hbox (badness 10000) in paragraph at lines 166--167

 []


Underfull \hbox (badness 10000) in paragraph at lines 168--169

 []

<graphics/cptModels.png, id=120, 599.23875pt x 656.4525pt>
File: graphics/cptModels.png Graphic file (type png)

<use graphics/cptModels.png>
Package pdftex.def Info: graphics/cptModels.png used on input line 180.
(pdftex.def)             Requested size: 252.94499pt x 277.09047pt.


LaTeX Warning: Float too large for page by 70.99054pt on input line 257.

[6

] <graphics/TwoCptModelExamplePlots001.pdf, id=130, 433.62pt x 433.62pt>
File: graphics/TwoCptModelExamplePlots001.pdf Graphic file (type pdf)

<use graphics/TwoCptModelExamplePlots001.pdf>
Package pdftex.def Info: graphics/TwoCptModelExamplePlots001.pdf used on input 
line 262.
(pdftex.def)             Requested size: 216.81pt x 216.80946pt.

<graphics/TwoCptModelExamplePlots002.pdf, id=131, 433.62pt x 433.62pt>
File: graphics/TwoCptModelExamplePlots002.pdf Graphic file (type pdf)

<use graphics/TwoCptModelExamplePlots002.pdf>
Package pdftex.def Info: graphics/TwoCptModelExamplePlots002.pdf used on input 
line 263.
(pdftex.def)             Requested size: 216.81pt x 216.80946pt.

<graphics/TwoCptModelExamplePlots004.pdf, id=132, 433.62pt x 433.62pt>
File: graphics/TwoCptModelExamplePlots004.pdf Graphic file (type pdf)

<use graphics/TwoCptModelExamplePlots004.pdf>
Package pdftex.def Info: graphics/TwoCptModelExamplePlots004.pdf used on input 
line 270.
(pdftex.def)             Requested size: 252.94499pt x 252.94879pt.

<graphics/TwoCptModelExamplePlots006.pdf, id=133, 433.62pt x 433.62pt>
File: graphics/TwoCptModelExamplePlots006.pdf Graphic file (type pdf)

<use graphics/TwoCptModelExamplePlots006.pdf>
Package pdftex.def Info: graphics/TwoCptModelExamplePlots006.pdf used on input 
line 278.
(pdftex.def)             Requested size: 252.94499pt x 252.94879pt.
 [7 <./graphics/cptModels.png>]
[8] [9 <./graphics/TwoCptModelExamplePlots001.pdf> <./graphics/TwoCptModelExamp
lePlots002.pdf> <./graphics/TwoCptModelExamplePlots004.pdf>] [10 <./graphics/Tw
oCptModelExamplePlots006.pdf>]
Underfull \hbox (badness 10000) in paragraph at lines 395--395
\OT1/cmr/m/sc/10.95 Figure 7.[]\OT1/cmr/m/n/10.95 Stan lan-guage for fit-ting a
 two com-part-ment model us-ing the
 []


LaTeX Warning: Float too large for page by 1.33003pt on input line 457.


Underfull \hbox (badness 6808) in paragraph at lines 488--489
[]|\OT1/pcr/m/n/10.95 ODE[]system\OT1/cmr/m/n/10.95 , \OT1/pcr/m/n/10.95 nCmt\O
T1/cmr/m/n/10.95 ,
 []


Underfull \hbox (badness 10000) in paragraph at lines 488--489
\OT1/pcr/m/n/10.95 rel[]tol\OT1/cmr/m/n/10.95 , \OT1/pcr/m/n/10.95 abs[]tol\OT1
/cmr/m/n/10.95 ,
 []


Underfull \hbox (badness 5091) in paragraph at lines 490--491
[]|\OT1/cmr/m/n/10.95 Parameters in ODE
 []


Overfull \hbox (17.00488pt too wide) in paragraph at lines 465--492
[][] 
 []

[11] [12] [13]

Package hyperref Warning: No destination for bookmark of \addcontentsline,
(hyperref)                destination is added on input line 508.

<graphics/effectCptModel.pdf, id=365, 371.3875pt x 429.605pt>
File: graphics/effectCptModel.pdf Graphic file (type pdf)

<use graphics/effectCptModel.pdf>
Package pdftex.def Info: graphics/effectCptModel.pdf used on input line 524.
(pdftex.def)             Requested size: 252.94499pt x 292.5995pt.


Package hyperref Warning: No destination for bookmark of \addcontentsline,
(hyperref)                destination is added on input line 530.

[14

 <./graphics/effectCptModel.pdf>]
<graphics/effCptModelTorsten/effCptModelTorstenPlots001.pdf, id=387, 433.62pt x
 433.62pt>
File: graphics/effCptModelTorsten/effCptModelTorstenPlots001.pdf Graphic file (
type pdf)
 <use graphics/effCptModelTorsten/effCptModelTorstenPlots001.pdf>
Package pdftex.def Info: graphics/effCptModelTorsten/effCptModelTorstenPlots001
.pdf used on input line 642.
(pdftex.def)             Requested size: 216.81pt x 216.80946pt.

<graphics/effCptModelTorsten/effCptModelTorstenPlots002.pdf, id=388, 433.62pt x
 433.62pt>
File: graphics/effCptModelTorsten/effCptModelTorstenPlots002.pdf Graphic file (
type pdf)
 <use graphics/effCptModelTorsten/effCptModelTorstenPlots002.pdf>
Package pdftex.def Info: graphics/effCptModelTorsten/effCptModelTorstenPlots002
.pdf used on input line 643.
(pdftex.def)             Requested size: 216.81pt x 216.80946pt.

<graphics/effCptModelTorsten/effCptModelTorstenPlots003.pdf, id=389, 433.62pt x
 433.62pt>
File: graphics/effCptModelTorsten/effCptModelTorstenPlots003.pdf Graphic file (
type pdf)
 <use graphics/effCptModelTorsten/effCptModelTorstenPlots003.pdf>
Package pdftex.def Info: graphics/effCptModelTorsten/effCptModelTorstenPlots003
.pdf used on input line 644.
(pdftex.def)             Requested size: 216.81pt x 216.80946pt.

<graphics/effCptModelTorsten/effCptModelTorstenPlots004.pdf, id=390, 433.62pt x
 433.62pt>
File: graphics/effCptModelTorsten/effCptModelTorstenPlots004.pdf Graphic file (
type pdf)
 <use graphics/effCptModelTorsten/effCptModelTorstenPlots004.pdf>
Package pdftex.def Info: graphics/effCptModelTorsten/effCptModelTorstenPlots004
.pdf used on input line 645.
(pdftex.def)             Requested size: 216.81pt x 216.80946pt.

<graphics/effCptModelTorsten/effCptModelTorstenPlots005.pdf, id=391, 433.62pt x
 433.62pt>
File: graphics/effCptModelTorsten/effCptModelTorstenPlots005.pdf Graphic file (
type pdf)
 <use graphics/effCptModelTorsten/effCptModelTorstenPlots005.pdf>
Package pdftex.def Info: graphics/effCptModelTorsten/effCptModelTorstenPlots005
.pdf used on input line 646.
(pdftex.def)             Requested size: 216.81pt x 216.80946pt.


LaTeX Warning: Float too large for page by 38.34004pt on input line 649.


<graphics/effCptModelTorsten/effCptModelTorstenPlots006.pdf, id=392, 433.62pt x
 433.62pt>
File: graphics/effCptModelTorsten/effCptModelTorstenPlots006.pdf Graphic file (
type pdf)
 <use graphics/effCptModelTorsten/effCptModelTorstenPlots006.pdf>
Package pdftex.def Info: graphics/effCptModelTorsten/effCptModelTorstenPlots006
.pdf used on input line 652.
(pdftex.def)             Requested size: 216.81pt x 216.80946pt.

<graphics/effCptModelTorsten/effCptModelTorstenPlots007.pdf, id=393, 433.62pt x
 433.62pt>
File: graphics/effCptModelTorsten/effCptModelTorstenPlots007.pdf Graphic file (
type pdf)
 <use graphics/effCptModelTorsten/effCptModelTorstenPlots007.pdf>
Package pdftex.def Info: graphics/effCptModelTorsten/effCptModelTorstenPlots007
.pdf used on input line 653.
(pdftex.def)             Requested size: 216.81pt x 216.80946pt.

<graphics/effCptModelTorsten/effCptModelTorstenPlots011.pdf, id=394, 433.62pt x
 433.62pt>
File: graphics/effCptModelTorsten/effCptModelTorstenPlots011.pdf Graphic file (
type pdf)
 <use graphics/effCptModelTorsten/effCptModelTorstenPlots011.pdf>
Package pdftex.def Info: graphics/effCptModelTorsten/effCptModelTorstenPlots011
.pdf used on input line 659.
(pdftex.def)             Requested size: 108.405pt x 108.40472pt.

<graphics/effCptModelTorsten/effCptModelTorstenPlots012.pdf, id=395, 433.62pt x
 433.62pt>
File: graphics/effCptModelTorsten/effCptModelTorstenPlots012.pdf Graphic file (
type pdf)
 <use graphics/effCptModelTorsten/effCptModelTorstenPlots012.pdf>
Package pdftex.def Info: graphics/effCptModelTorsten/effCptModelTorstenPlots012
.pdf used on input line 660.
(pdftex.def)             Requested size: 108.405pt x 108.40472pt.

<graphics/effCptModelTorsten/effCptModelTorstenPlots013.pdf, id=396, 433.62pt x
 433.62pt>
File: graphics/effCptModelTorsten/effCptModelTorstenPlots013.pdf Graphic file (
type pdf)
 <use graphics/effCptModelTorsten/effCptModelTorstenPlots013.pdf>
Package pdftex.def Info: graphics/effCptModelTorsten/effCptModelTorstenPlots013
.pdf used on input line 661.
(pdftex.def)             Requested size: 108.405pt x 108.40472pt.

<graphics/effCptModelTorsten/effCptModelTorstenPlots014.pdf, id=397, 433.62pt x
 433.62pt>
File: graphics/effCptModelTorsten/effCptModelTorstenPlots014.pdf Graphic file (
type pdf)
 <use graphics/effCptModelTorsten/effCptModelTorstenPlots014.pdf>
Package pdftex.def Info: graphics/effCptModelTorsten/effCptModelTorstenPlots014
.pdf used on input line 662.
(pdftex.def)             Requested size: 108.405pt x 108.40472pt.

<graphics/effCptModelTorsten/effCptModelTorstenPlots015.pdf, id=398, 433.62pt x
 433.62pt>
File: graphics/effCptModelTorsten/effCptModelTorstenPlots015.pdf Graphic file (
type pdf)
 <use graphics/effCptModelTorsten/effCptModelTorstenPlots015.pdf>
Package pdftex.def Info: graphics/effCptModelTorsten/effCptModelTorstenPlots015
.pdf used on input line 663.
(pdftex.def)             Requested size: 108.405pt x 108.40472pt.

<graphics/effCptModelTorsten/effCptModelTorstenPlots016.pdf, id=399, 433.62pt x
 433.62pt>
File: graphics/effCptModelTorsten/effCptModelTorstenPlots016.pdf Graphic file (
type pdf)
 <use graphics/effCptModelTorsten/effCptModelTorstenPlots016.pdf>
Package pdftex.def Info: graphics/effCptModelTorsten/effCptModelTorstenPlots016
.pdf used on input line 664.
(pdftex.def)             Requested size: 108.405pt x 108.40472pt.

<graphics/effCptModelTorsten/effCptModelTorstenPlots017.pdf, id=400, 433.62pt x
 433.62pt>
File: graphics/effCptModelTorsten/effCptModelTorstenPlots017.pdf Graphic file (
type pdf)
 <use graphics/effCptModelTorsten/effCptModelTorstenPlots017.pdf>
Package pdftex.def Info: graphics/effCptModelTorsten/effCptModelTorstenPlots017
.pdf used on input line 665.
(pdftex.def)             Requested size: 108.405pt x 108.40472pt.

<graphics/effCptModelTorsten/effCptModelTorstenPlots018.pdf, id=401, 433.62pt x
 433.62pt>
File: graphics/effCptModelTorsten/effCptModelTorstenPlots018.pdf Graphic file (
type pdf)
 <use graphics/effCptModelTorsten/effCptModelTorstenPlots018.pdf>
Package pdftex.def Info: graphics/effCptModelTorsten/effCptModelTorstenPlots018
.pdf used on input line 666.
(pdftex.def)             Requested size: 108.405pt x 108.40472pt.

<graphics/effCptModelTorsten/effCptModelTorstenPlots019.pdf, id=402, 433.62pt x
 433.62pt>
File: graphics/effCptModelTorsten/effCptModelTorstenPlots019.pdf Graphic file (
type pdf)
 <use graphics/effCptModelTorsten/effCptModelTorstenPlots019.pdf>
Package pdftex.def Info: graphics/effCptModelTorsten/effCptModelTorstenPlots019
.pdf used on input line 672.
(pdftex.def)             Requested size: 108.405pt x 108.40472pt.

<graphics/effCptModelTorsten/effCptModelTorstenPlots020.pdf, id=403, 433.62pt x
 433.62pt>
File: graphics/effCptModelTorsten/effCptModelTorstenPlots020.pdf Graphic file (
type pdf)
 <use graphics/effCptModelTorsten/effCptModelTorstenPlots020.pdf>
Package pdftex.def Info: graphics/effCptModelTorsten/effCptModelTorstenPlots020
.pdf used on input line 673.
(pdftex.def)             Requested size: 108.405pt x 108.40472pt.

<graphics/effCptModelTorsten/effCptModelTorstenPlots021.pdf, id=404, 433.62pt x
 433.62pt>
File: graphics/effCptModelTorsten/effCptModelTorstenPlots021.pdf Graphic file (
type pdf)
 <use graphics/effCptModelTorsten/effCptModelTorstenPlots021.pdf>
Package pdftex.def Info: graphics/effCptModelTorsten/effCptModelTorstenPlots021
.pdf used on input line 674.
(pdftex.def)             Requested size: 108.405pt x 108.40472pt.

<graphics/effCptModelTorsten/effCptModelTorstenPlots022.pdf, id=405, 433.62pt x
 433.62pt>
File: graphics/effCptModelTorsten/effCptModelTorstenPlots022.pdf Graphic file (
type pdf)
 <use graphics/effCptModelTorsten/effCptModelTorstenPlots022.pdf>
Package pdftex.def Info: graphics/effCptModelTorsten/effCptModelTorstenPlots022
.pdf used on input line 675.
(pdftex.def)             Requested size: 108.405pt x 108.40472pt.

<graphics/effCptModelTorsten/effCptModelTorstenPlots023.pdf, id=406, 433.62pt x
 433.62pt>
File: graphics/effCptModelTorsten/effCptModelTorstenPlots023.pdf Graphic file (
type pdf)
 <use graphics/effCptModelTorsten/effCptModelTorstenPlots023.pdf>
Package pdftex.def Info: graphics/effCptModelTorsten/effCptModelTorstenPlots023
.pdf used on input line 676.
(pdftex.def)             Requested size: 108.405pt x 108.40472pt.

<graphics/effCptModelTorsten/effCptModelTorstenPlots024.pdf, id=407, 433.62pt x
 433.62pt>
File: graphics/effCptModelTorsten/effCptModelTorstenPlots024.pdf Graphic file (
type pdf)
 <use graphics/effCptModelTorsten/effCptModelTorstenPlots024.pdf>
Package pdftex.def Info: graphics/effCptModelTorsten/effCptModelTorstenPlots024
.pdf used on input line 677.
(pdftex.def)             Requested size: 108.405pt x 108.40472pt.

<graphics/effCptModelTorsten/effCptModelTorstenPlots025.pdf, id=408, 433.62pt x
 433.62pt>
File: graphics/effCptModelTorsten/effCptModelTorstenPlots025.pdf Graphic file (
type pdf)
 <use graphics/effCptModelTorsten/effCptModelTorstenPlots025.pdf>
Package pdftex.def Info: graphics/effCptModelTorsten/effCptModelTorstenPlots025
.pdf used on input line 678.
(pdftex.def)             Requested size: 108.405pt x 108.40472pt.

<graphics/effCptModelTorsten/effCptModelTorstenPlots026.pdf, id=409, 433.62pt x
 433.62pt>
File: graphics/effCptModelTorsten/effCptModelTorstenPlots026.pdf Graphic file (
type pdf)
 <use graphics/effCptModelTorsten/effCptModelTorstenPlots026.pdf>
Package pdftex.def Info: graphics/effCptModelTorsten/effCptModelTorstenPlots026
.pdf used on input line 679.
(pdftex.def)             Requested size: 108.405pt x 108.40472pt.

Overfull \hbox (6.11554pt too wide) in paragraph at lines 687--709
 [][] 
 []

[15] [16] [17 <./graphics/effCptModelTorsten/effCptModelTorstenPlots001.pdf> <.
/graphics/effCptModelTorsten/effCptModelTorstenPlots002.pdf> <./graphics/effCpt
ModelTorsten/effCptModelTorstenPlots003.pdf> <./graphics/effCptModelTorsten/eff
CptModelTorstenPlots004.pdf> <./graphics/effCptModelTorsten/effCptModelTorstenP
lots005.pdf>] [18 <./graphics/effCptModelTorsten/effCptModelTorstenPlots006.pdf
> <./graphics/effCptModelTorsten/effCptModelTorstenPlots007.pdf> <./graphics/ef
fCptModelTorsten/effCptModelTorstenPlots011.pdf> <./graphics/effCptModelTorsten
/effCptModelTorstenPlots012.pdf> <./graphics/effCptModelTorsten/effCptModelTors
tenPlots013.pdf> <./graphics/effCptModelTorsten/effCptModelTorstenPlots014.pdf>
 <./graphics/effCptModelTorsten/effCptModelTorstenPlots015.pdf> <./graphics/eff
CptModelTorsten/effCptModelTorstenPlots016.pdf> <./graphics/effCptModelTorsten/
effCptModelTorstenPlots017.pdf> <./graphics/effCptModelTorsten/effCptModelTorst
enPlots018.pdf>] [19 <./graphics/effCptModelTorsten/effCptModelTorstenPlots019.
pdf> <./graphics/effCptModelTorsten/effCptModelTorstenPlots020.pdf> <./graphics
/effCptModelTorsten/effCptModelTorstenPlots021.pdf> <./graphics/effCptModelTors
ten/effCptModelTorstenPlots022.pdf> <./graphics/effCptModelTorsten/effCptModelT
orstenPlots023.pdf> <./graphics/effCptModelTorsten/effCptModelTorstenPlots024.p
df> <./graphics/effCptModelTorsten/effCptModelTorstenPlots025.pdf> <./graphics/
effCptModelTorsten/effCptModelTorstenPlots026.pdf>]
Overfull \hbox (4.07556pt too wide) in paragraph at lines 716--717
\OT1/cmr/m/n/10.95 ([]$\OT1/pcr/m/n/10.95 https : / / bitbucket . org / metrumr
g / bugsmodellibrary / wiki / Home$[]\OT1/cmr/m/n/10.95 ), de-vel-oped by Metru
m Re-
 []


Underfull \hbox (badness 10000) in paragraph at lines 744--745

 []


Underfull \hbox (badness 10000) in paragraph at lines 746--747

 []

[20

]
Overfull \hbox (5.25702pt too wide) in paragraph at lines 804--805
[][][][][][][][][][][][][][][][][][][][][][][][][][][][][][][][][][][][][] 
 []

Package atveryend Info: Empty hook `BeforeClearDocument' on input line 841.
[21] [22]
Package atveryend Info: Empty hook `AfterLastShipout' on input line 841.
 (./torstenManual.aux)
Package atveryend Info: Executing hook `AtVeryEndDocument' on input line 841.
Package atveryend Info: Executing hook `AtEndAfterFileList' on input line 841.
Package rerunfilecheck Info: File `torstenManual.out' has not changed.
(rerunfilecheck)             Checksum: 4FBF600E68DA371299E74D9D8CE0FFB2;1189.


LaTeX Warning: There were multiply-defined labels.

Package atveryend Info: Empty hook `AtVeryVeryEnd' on input line 841.
 ) 
Here is how much of TeX's memory you used:
 18325 strings out of 493089
 345819 string characters out of 6134842
 458695 words of memory out of 5000000
 21079 multiletter control sequences out of 15000+600000
 18580 words of font info for 73 fonts, out of 8000000 for 9000
 1302 hyphenation exceptions out of 8191
 42i,21n,39p,10401b,1236s stack positions out of 5000i,500n,10000p,200000b,80000s
{/usr/local/texlive/2015/texmf-dist/fonts/enc/dvips/base/8r.enc}</usr/local/t
exlive/2015/texmf-dist/fonts/type1/public/amsfonts/cm/cmbx10.pfb></usr/local/te
xlive/2015/texmf-dist/fonts/type1/public/amsfonts/cm/cmbx9.pfb></usr/local/texl
ive/2015/texmf-dist/fonts/type1/public/amsfonts/cm/cmcsc10.pfb></usr/local/texl
ive/2015/texmf-dist/fonts/type1/public/amsfonts/cm/cmex10.pfb></usr/local/texli
ve/2015/texmf-dist/fonts/type1/public/amsfonts/cm/cmmi10.pfb></usr/local/texliv
e/2015/texmf-dist/fonts/type1/public/amsfonts/cm/cmmi6.pfb></usr/local/texlive/
2015/texmf-dist/fonts/type1/public/amsfonts/cm/cmmi8.pfb></usr/local/texlive/20
15/texmf-dist/fonts/type1/public/amsfonts/cm/cmmi9.pfb></usr/local/texlive/2015
/texmf-dist/fonts/type1/public/amsfonts/cm/cmr10.pfb></usr/local/texlive/2015/t
exmf-dist/fonts/type1/public/amsfonts/cm/cmr12.pfb></usr/local/texlive/2015/tex
mf-dist/fonts/type1/public/amsfonts/cm/cmr17.pfb></usr/local/texlive/2015/texmf
-dist/fonts/type1/public/amsfonts/cm/cmr5.pfb></usr/local/texlive/2015/texmf-di
st/fonts/type1/public/amsfonts/cm/cmr6.pfb></usr/local/texlive/2015/texmf-dist/
fonts/type1/public/amsfonts/cm/cmr8.pfb></usr/local/texlive/2015/texmf-dist/fon
ts/type1/public/amsfonts/cm/cmr9.pfb></usr/local/texlive/2015/texmf-dist/fonts/
type1/public/amsfonts/cm/cmss10.pfb></usr/local/texlive/2015/texmf-dist/fonts/t
ype1/public/amsfonts/cm/cmsy10.pfb></usr/local/texlive/2015/texmf-dist/fonts/ty
pe1/public/amsfonts/cm/cmsy6.pfb></usr/local/texlive/2015/texmf-dist/fonts/type
1/public/amsfonts/cm/cmsy8.pfb></usr/local/texlive/2015/texmf-dist/fonts/type1/
public/amsfonts/cm/cmsy9.pfb></usr/local/texlive/2015/texmf-dist/fonts/type1/pu
blic/amsfonts/cm/cmti10.pfb></usr/local/texlive/2015/texmf-dist/fonts/type1/pub
lic/amsfonts/cm/cmti8.pfb></usr/local/texlive/2015/texmf-dist/fonts/type1/urw/c
ourier/ucrr8a.pfb>
Output written on torstenManual.pdf (22 pages, 1787231 bytes).
PDF statistics:
 916 PDF objects out of 1000 (max. 8388607)
 798 compressed objects within 8 object streams
 351 named destinations out of 1000 (max. 500000)
 295 words of extra memory for PDF output out of 10000 (max. 10000000)

